TN:
SF:src\components\base-button\BaseButton.vue
FN:15,(anonymous_0)
FNF:1
FNH:1
FNDA:3,(anonymous_0)
DA:2,3
DA:11,3
DA:15,3
DA:16,3
DA:18,3
LF:5
LH:5
BRDA:16,0,0,3
BRDA:16,0,1,2
BRF:2
BRH:2
end_of_record
TN:
SF:src\components\base-input\BaseInput.vue
FN:29,(anonymous_0)
FNF:1
FNH:1
FNDA:1,(anonymous_0)
DA:2,6
DA:18,6
DA:25,6
DA:29,6
DA:30,1
DA:31,1
LF:6
LH:6
BRDA:4,0,0,6
BRDA:4,0,1,5
BRDA:11,1,0,1
BRDA:11,1,1,5
BRF:4
BRH:4
end_of_record
TN:
SF:src\components\base-modal\BaseModal.vue
FN:15,(anonymous_0)
FN:17,(anonymous_1)
FN:18,(anonymous_2)
FN:21,(anonymous_3)
FNF:4
FNH:3
FNDA:1,(anonymous_0)
FNDA:4,(anonymous_1)
FNDA:1,(anonymous_2)
FNDA:0,(anonymous_3)
DA:2,4
DA:13,3
DA:14,3
DA:15,3
DA:17,3
DA:18,4
DA:19,1
DA:21,3
LF:8
LH:8
BRDA:19,0,0,1
BRDA:19,0,1,0
BRDA:2,1,0,3
BRDA:2,1,1,1
BRF:4
BRH:3
end_of_record
